  pH           7
NTR+H0026_  1.00
HIS+H0034_  0.98
HIS+H0038_  0.02
ARG+H0042_  1.00
GLU-H0050_ -0.93
GLU-H0051_ -0.94
GLU-H0054_ -1.00
HIS+H0058_  0.44
TYR-H0061_ -0.00
HIS+H0063_  0.61
GLU-H0067_ -1.00
LYS+H0068_  1.00
GLU-H0071_ -1.00
HIS+H0072_  0.87
ARG+H0073_  1.00
TYR-H0075_ -0.00
TYR-H0081_ -0.00
ARG+H0084_  1.00
ASP-H0086_ -1.00
TYR-H0087_ -0.00
HIS+H0089_  0.00
HIS+H0093_  0.00
ASP-H0094_ -1.00
TYR-H0097_ -0.00
GLU-H0102_ -1.00
LYS+H0103_  1.00
ARG+H0112_  1.00
GLU-H0114_ -1.00
ARG+H0117_  1.00
GLU-H0122_ -1.00
ARG+H0125_  1.00
HIS+H0129_  0.00
ASP-H0139_ -0.99
TYR-H0148_ -0.00
ARG+H0151_  1.00
GLU-H0152_ -1.00
ARG+H0153_  1.00
GLU-H0154_ -1.00
ASP-H0158_ -0.99
GLU-H0161_ -0.99
ARG+H0167_  1.00
HIS+H0169_  0.00
HIS+H0170_  0.00
TYR-H0172_ -0.00
ARG+H0174_  1.00
LYS+H0179_  1.00
GLU-H0180_ -1.00
ASP-H0181_ -1.00
GLU-H0184_ -0.99
GLU-H0185_ -0.99
GLU-H0189_ -1.00
LYS+H0191_  1.00
LYS+H0192_  1.00
GLU-H0195_ -1.00
HIS+H0199_  0.95
ARG+H0200_  1.00
ASP-H0202_ -1.00
GLU-H0203_ -1.00
TYR-H0204_ -0.00
GLU-H0205_ -1.00
GLU-H0210_ -0.98
TYR-H0215_ -0.00
GLU-H0216_ -0.99
ARG+H0217_  1.00
ARG+H0219_  1.00
GLU-H0227_ -0.99
ASP-H0231_ -1.00
ARG+H0240_  1.00
TYR-H0246_ -0.00
ASP-H0247_ -1.00
ARG+H0249_  1.00
LYS+H0250_  1.00
TYR-H0252_ -0.00
TYR-H0254_ -0.00
TYR-H0257_ -0.00
GLU-H0258_ -1.00
TYR-H0260_ -0.00
ASP-H0263_ -1.00
GLU-H0268_ -1.00
ARG+H0269_  1.00
ASP-H0271_ -1.00
ASP-H0274_ -1.00
ARG+H0275_  1.00
ARG+H0279_  1.00
ARG+H0281_  1.00
GLU-H0282_ -1.00
ARG+H0284_  1.00
GLU-H0285_ -1.00
LYS+H0288_  1.00
LYS+H0291_  1.00
GLU-H0295_ -1.00
ARG+H0296_  1.00
GLU-H0298_ -1.00
ARG+H0303_  1.00
ASP-H0304_ -1.00
ARG+H0314_  1.00
HIS+H0315_  0.31
GLU-H0318_ -1.00
GLU-H0322_ -1.00
TYR-H0326_ -0.00
HIS+H0327_  0.03
LYS+H0329_  1.00
HIS+H0330_  0.00
TYR-H0331_ -0.00
GLU-H0333_ -1.00
HIS+H0336_  0.98
LYS+H0339_  1.00
GLU-H0341_ -0.99
TYR-H0343_ -0.00
GLU-H0347_ -1.00
ARG+H0350_  1.00
GLU-H0352_ -1.00
TYR-H0355_ -0.00
TYR-H0356_ -0.00
ASP-H0360_ -1.00
TYR-H0366_ -0.00
ARG+H0367_  1.00
LYS+H0369_  0.99
ARG+H0371_  1.00
TYR-H0383_ -0.00
CYS-H0385_ -0.00
LYS+H0386_  1.00
GLU-H0388_ -0.96
ASP-H0392_ -1.00
ASP-H0401_ -1.00
ASP-H0406_ -1.00
ASP-H0408_ -1.00
CTR-H0409_ -0.99
ARG+H0409_  1.00
NTR+L0001_  0.97
GLU-L0006_ -1.00
TYR-L0007_ -0.00
TYR-L0013_ -0.00
LYS+L0034_  1.00
LYS+L0035_  1.00
ARG+L0038_  1.00
LYS+L0040_  1.00
TYR-L0044_ -0.00
GLU-L0045_ -1.00
ASP-L0049_ -1.00
GLU-L0053_ -1.00
LYS+L0055_  1.00
ARG+L0056_  1.00
HIS+L0060_  0.67
TYR-L0062_ -0.00
ASP-L0072_ -0.03
GLU-L0074_ -0.00
TYR-L0081_ -0.00
TYR-L0091_ -0.00
TYR-L0109_ -0.00
GLU-L0110_ -0.99
LYS+L0113_  1.00
CTR-L0117_ -0.98
ARG+L0117_  1.00
NTR+M0002_  0.99
TYR-M0005_ -0.00
ASP-M0008_ -1.00
TYR-M0010_ -0.00
LYS+M0016_  1.00
GLU-M0035_ -1.00
ARG+M0036_  1.00
ARG+M0037_  1.00
ARG+M0041_  1.00
ARG+M0045_  1.00
ARG+M0050_  1.00
ASP-M0062_ -1.00
LYS+M0065_  1.00
LYS+M0069_  1.00
GLU-M0070_ -1.00
ASP-M0071_ -1.00
ASP-M0078_ -1.00
ARG+M0079_  1.00
TYR-M0111_ -0.00
ASP-M0119_ -1.00
TYR-M0124_ -0.00
GLU-M0130_ -0.98
TYR-M0134_ -0.00
LYS+M0146_  1.00
TYR-M0147_ -0.00
ARG+M0154_  1.00
TYR-M0162_ -0.00
GLU-M0163_ -0.01
ASP-M0184_ -1.00
LYS+M0190_  1.00
GLU-M0191_ -1.00
HIS+M0192_  0.91
TYR-M0198_ -0.00
TYR-M0206_ -0.00
GLU-M0213_ -1.00
ARG+M0216_  1.00
ASP-M0220_ -1.00
GLU-M0223_ -1.00
GLU-M0225_ -0.99
GLU-M0227_ -1.00
TYR-M0232_ -0.00
HIS+M0233_  0.00
GLU-M0235_ -0.99
TYR-M0236_ -0.00
LYS+M0240_  1.00
GLU-M0248_ -1.00
TYR-M0249_ -0.00
HIS+M0251_  0.99
GLU-M0273_ -1.00
TYR-M0276_ -0.00
LYS+M0282_  1.00
ARG+M0294_  1.00
ARG+M0299_  1.00
ARG+M0301_  1.00
TYR-M0302_ -0.00
ASP-M0303_ -1.00
ARG+M0307_  1.00
ASP-M0331_ -1.00
ARG+M0334_  1.00
TYR-M0336_ -0.00
TYR-M0339_ -0.00
CTR-M0354_ -0.90
TYR-M0354_ -0.00
NTR+P0001_  0.99
GLU-P0005_ -1.00
ARG+P0023_  1.00
HIS+P0027_  0.00
TYR-P0043_ -0.00
ASP-P0047_ -1.00
ARG+P0049_  1.00
TYR-P0059_ -0.00
GLU-P0080_ -1.00
ASP-P0084_ -1.00
ARG+P0088_  1.00
ARG+P0090_  1.00
ASP-P0112_ -1.00
ASP-P0118_ -1.00
LYS+P0120_  0.99
TYR-P0132_ -0.00
ASP-P0134_ -1.00
GLU-P0158_ -1.00
CTR-P0160_ -1.00
NTR+Q0001_  0.96
TYR-Q0003_ -0.00
TYR-Q0016_ -0.00
ARG+Q0021_  1.00
ARG+Q0022_  1.00
GLU-Q0032_ -0.57
ARG+Q0047_  1.00
TYR-Q0049_ -0.00
ASP-Q0052_ -1.00
GLU-Q0067_ -0.00
ARG+Q0080_  1.00
HIS+Q0081_  0.62
ARG+Q0082_  1.00
GLU-Q0083_ -1.00
ASP-Q0088_ -1.00
ASP-Q0089_ -1.00
GLU-Q0092_ -1.00
ARG+Q0094_  1.00
CTR-Q0095_ -1.00
----------
Net_Charge -2.89
Protons    -2.89
Electrons   0.00
